#! /usr/bin/vvp
:ivl_version "11.0 (stable)";
:ivl_delay_selection "TYPICAL";
:vpi_time_precision + 0;
:vpi_module "/usr/lib/x86_64-linux-gnu/ivl/system.vpi";
:vpi_module "/usr/lib/x86_64-linux-gnu/ivl/vhdl_sys.vpi";
:vpi_module "/usr/lib/x86_64-linux-gnu/ivl/vhdl_textio.vpi";
:vpi_module "/usr/lib/x86_64-linux-gnu/ivl/v2005_math.vpi";
:vpi_module "/usr/lib/x86_64-linux-gnu/ivl/va_math.vpi";
S_0x55ff5388d070 .scope module, "composed_circuit_tb" "composed_circuit_tb" 2 1;
 .timescale 0 0;
v0x55ff538a1850_0 .var "a", 0 0;
v0x55ff538a1960_0 .var "b", 0 0;
v0x55ff538a1a70_0 .net "out", 0 0, L_0x55ff538a2240;  1 drivers
v0x55ff538a1b60_0 .var "select", 1 0;
S_0x55ff5388d200 .scope module, "xxx" "composed_circuit" 2 6, 3 1 0, S_0x55ff5388d070;
 .timescale 0 0;
    .port_info 0 /INPUT 1 "a";
    .port_info 1 /INPUT 1 "b";
    .port_info 2 /INPUT 2 "select";
    .port_info 3 /OUTPUT 1 "y";
L_0x55ff538a2420 .functor AND 1, v0x55ff538a1850_0, v0x55ff538a1960_0, C4<1>, C4<1>;
v0x55ff538a1320_0 .net "a", 0 0, v0x55ff538a1850_0;  1 drivers
v0x55ff538a13e0_0 .net "b", 0 0, v0x55ff538a1960_0;  1 drivers
v0x55ff538a14b0_0 .net "select", 1 0, v0x55ff538a1b60_0;  1 drivers
v0x55ff538a1580_0 .net "w1", 0 0, L_0x55ff538a1e20;  1 drivers
v0x55ff538a1670_0 .net "w2", 0 0, L_0x55ff538a2420;  1 drivers
v0x55ff538a1760_0 .net "y", 0 0, L_0x55ff538a2240;  alias, 1 drivers
L_0x55ff538a1f60 .part v0x55ff538a1b60_0, 1, 1;
L_0x55ff538a2380 .part v0x55ff538a1b60_0, 0, 1;
S_0x55ff5388af70 .scope module, "levy_mux" "mux2_1" 3 6, 4 1 0, S_0x55ff5388d200;
 .timescale 0 0;
    .port_info 0 /INPUT 1 "a";
    .port_info 1 /INPUT 1 "b";
    .port_info 2 /INPUT 1 "select";
    .port_info 3 /OUTPUT 1 "y";
L_0x55ff538a1c00 .functor NOT 1, L_0x55ff538a1f60, C4<0>, C4<0>, C4<0>;
L_0x55ff538a1c70 .functor AND 1, v0x55ff538a1850_0, L_0x55ff538a1c00, C4<1>, C4<1>;
L_0x55ff538a1d60 .functor AND 1, v0x55ff538a1960_0, L_0x55ff538a1f60, C4<1>, C4<1>;
L_0x55ff538a1e20 .functor OR 1, L_0x55ff538a1c70, L_0x55ff538a1d60, C4<0>, C4<0>;
v0x55ff5388b1c0_0 .net *"_ivl_0", 0 0, L_0x55ff538a1c00;  1 drivers
v0x55ff538a0530_0 .net *"_ivl_2", 0 0, L_0x55ff538a1c70;  1 drivers
v0x55ff538a0610_0 .net *"_ivl_4", 0 0, L_0x55ff538a1d60;  1 drivers
v0x55ff538a06d0_0 .net "a", 0 0, v0x55ff538a1850_0;  alias, 1 drivers
v0x55ff538a0790_0 .net "b", 0 0, v0x55ff538a1960_0;  alias, 1 drivers
v0x55ff538a08a0_0 .net "select", 0 0, L_0x55ff538a1f60;  1 drivers
v0x55ff538a0960_0 .net "y", 0 0, L_0x55ff538a1e20;  alias, 1 drivers
S_0x55ff538a0aa0 .scope module, "pravy_mux" "mux2_1" 3 7, 4 1 0, S_0x55ff5388d200;
 .timescale 0 0;
    .port_info 0 /INPUT 1 "a";
    .port_info 1 /INPUT 1 "b";
    .port_info 2 /INPUT 1 "select";
    .port_info 3 /OUTPUT 1 "y";
L_0x55ff538a2050 .functor NOT 1, L_0x55ff538a2380, C4<0>, C4<0>, C4<0>;
L_0x55ff538a20c0 .functor AND 1, L_0x55ff538a1e20, L_0x55ff538a2050, C4<1>, C4<1>;
L_0x55ff538a2130 .functor AND 1, L_0x55ff538a2420, L_0x55ff538a2380, C4<1>, C4<1>;
L_0x55ff538a2240 .functor OR 1, L_0x55ff538a20c0, L_0x55ff538a2130, C4<0>, C4<0>;
v0x55ff538a0d10_0 .net *"_ivl_0", 0 0, L_0x55ff538a2050;  1 drivers
v0x55ff538a0df0_0 .net *"_ivl_2", 0 0, L_0x55ff538a20c0;  1 drivers
v0x55ff538a0ed0_0 .net *"_ivl_4", 0 0, L_0x55ff538a2130;  1 drivers
v0x55ff538a0f90_0 .net "a", 0 0, L_0x55ff538a1e20;  alias, 1 drivers
v0x55ff538a1030_0 .net "b", 0 0, L_0x55ff538a2420;  alias, 1 drivers
v0x55ff538a1120_0 .net "select", 0 0, L_0x55ff538a2380;  1 drivers
v0x55ff538a11e0_0 .net "y", 0 0, L_0x55ff538a2240;  alias, 1 drivers
    .scope S_0x55ff5388d070;
T_0 ;
    %vpi_call 2 9 "$dumpfile", "test" {0 0 0};
    %vpi_call 2 10 "$dumpvars" {0 0 0};
    %delay 10, 0;
    %vpi_call 2 12 "$finish" {0 0 0};
    %end;
    .thread T_0;
# The file index is used to find the file name in the following table.
:file_names 5;
    "N/A";
    "<interactive>";
    "composed_circuit_tb.v";
    "composed_circuit.v";
    "mux2_1.v";
