#! /usr/bin/vvp
:ivl_version "12.0 (stable)";
:ivl_delay_selection "TYPICAL";
:vpi_time_precision + 0;
:vpi_module "/usr/lib/x86_64-linux-gnu/ivl/system.vpi";
:vpi_module "/usr/lib/x86_64-linux-gnu/ivl/vhdl_sys.vpi";
:vpi_module "/usr/lib/x86_64-linux-gnu/ivl/vhdl_textio.vpi";
:vpi_module "/usr/lib/x86_64-linux-gnu/ivl/v2005_math.vpi";
:vpi_module "/usr/lib/x86_64-linux-gnu/ivl/va_math.vpi";
S_0x559292b09c50 .scope module, "test" "test" 2 1;
 .timescale 0 0;
v0x559292b1d420_0 .var "ALUControl", 1 0;
v0x559292b1d500_0 .net "ALUResult", 31 0, v0x559292b1cfc0_0;  1 drivers
v0x559292b1d5d0_0 .var "SrcA", 31 0;
v0x559292b1d6d0_0 .var "SrcB", 31 0;
v0x559292b1d7a0_0 .net "Zero", 0 0, v0x559292b1d270_0;  1 drivers
S_0x559292b09de0 .scope module, "circuit" "alu" 2 7, 3 1 0, S_0x559292b09c50;
 .timescale 0 0;
    .port_info 0 /INPUT 32 "SrcA";
    .port_info 1 /INPUT 32 "SrcB";
    .port_info 2 /INPUT 2 "ALUControl";
    .port_info 3 /OUTPUT 1 "Zero";
    .port_info 4 /OUTPUT 32 "ALUResult";
v0x559292acf0f0_0 .net "ALUControl", 1 0, v0x559292b1d420_0;  1 drivers
v0x559292b1cfc0_0 .var "ALUResult", 31 0;
v0x559292b1d0a0_0 .net "SrcA", 31 0, v0x559292b1d5d0_0;  1 drivers
v0x559292b1d190_0 .net "SrcB", 31 0, v0x559292b1d6d0_0;  1 drivers
v0x559292b1d270_0 .var "Zero", 0 0;
E_0x559292b086f0 .event anyedge, v0x559292b1cfc0_0;
E_0x559292acf710 .event anyedge, v0x559292acf0f0_0, v0x559292b1d0a0_0, v0x559292b1d190_0;
    .scope S_0x559292b09de0;
T_0 ;
    %wait E_0x559292acf710;
    %load/vec4 v0x559292acf0f0_0;
    %dup/vec4;
    %pushi/vec4 0, 0, 2;
    %cmp/u;
    %jmp/1 T_0.0, 6;
    %dup/vec4;
    %pushi/vec4 1, 0, 2;
    %cmp/u;
    %jmp/1 T_0.1, 6;
    %dup/vec4;
    %pushi/vec4 2, 0, 2;
    %cmp/u;
    %jmp/1 T_0.2, 6;
    %pushi/vec4 0, 0, 32;
    %store/vec4 v0x559292b1cfc0_0, 0, 32;
    %jmp T_0.4;
T_0.0 ;
    %load/vec4 v0x559292b1d0a0_0;
    %load/vec4 v0x559292b1d190_0;
    %add;
    %store/vec4 v0x559292b1cfc0_0, 0, 32;
    %jmp T_0.4;
T_0.1 ;
    %load/vec4 v0x559292b1d0a0_0;
    %load/vec4 v0x559292b1d190_0;
    %sub;
    %store/vec4 v0x559292b1cfc0_0, 0, 32;
    %jmp T_0.4;
T_0.2 ;
    %load/vec4 v0x559292b1d0a0_0;
    %load/vec4 v0x559292b1d190_0;
    %xor;
    %store/vec4 v0x559292b1cfc0_0, 0, 32;
    %jmp T_0.4;
T_0.4 ;
    %pop/vec4 1;
    %jmp T_0;
    .thread T_0, $push;
    .scope S_0x559292b09de0;
T_1 ;
    %wait E_0x559292b086f0;
    %load/vec4 v0x559292b1cfc0_0;
    %cmpi/e 0, 0, 32;
    %jmp/0xz  T_1.0, 4;
    %pushi/vec4 1, 0, 1;
    %store/vec4 v0x559292b1d270_0, 0, 1;
    %jmp T_1.1;
T_1.0 ;
    %pushi/vec4 0, 0, 1;
    %store/vec4 v0x559292b1d270_0, 0, 1;
T_1.1 ;
    %jmp T_1;
    .thread T_1, $push;
    .scope S_0x559292b09c50;
T_2 ;
    %vpi_call 2 10 "$dumpfile", "test" {0 0 0};
    %vpi_call 2 11 "$dumpvars" {0 0 0};
    %pushi/vec4 10, 0, 32;
    %store/vec4 v0x559292b1d5d0_0, 0, 32;
    %pushi/vec4 5, 0, 32;
    %store/vec4 v0x559292b1d6d0_0, 0, 32;
    %pushi/vec4 0, 0, 2;
    %store/vec4 v0x559292b1d420_0, 0, 2;
    %delay 10, 0;
    %pushi/vec4 15, 0, 32;
    %store/vec4 v0x559292b1d5d0_0, 0, 32;
    %pushi/vec4 8, 0, 32;
    %store/vec4 v0x559292b1d6d0_0, 0, 32;
    %pushi/vec4 1, 0, 2;
    %store/vec4 v0x559292b1d420_0, 0, 2;
    %delay 10, 0;
    %pushi/vec4 2, 0, 32;
    %store/vec4 v0x559292b1d5d0_0, 0, 32;
    %pushi/vec4 3, 0, 32;
    %store/vec4 v0x559292b1d6d0_0, 0, 32;
    %pushi/vec4 2, 0, 2;
    %store/vec4 v0x559292b1d420_0, 0, 2;
    %delay 10, 0;
    %vpi_call 2 23 "$finish" {0 0 0};
    %end;
    .thread T_2;
# The file index is used to find the file name in the following table.
:file_names 4;
    "N/A";
    "<interactive>";
    "alu_tb.v";
    "alu.v";
