#! /usr/bin/vvp
:ivl_version "12.0 (stable)";
:ivl_delay_selection "TYPICAL";
:vpi_time_precision + 0;
:vpi_module "/usr/lib/x86_64-linux-gnu/ivl/system.vpi";
:vpi_module "/usr/lib/x86_64-linux-gnu/ivl/vhdl_sys.vpi";
:vpi_module "/usr/lib/x86_64-linux-gnu/ivl/vhdl_textio.vpi";
:vpi_module "/usr/lib/x86_64-linux-gnu/ivl/v2005_math.vpi";
:vpi_module "/usr/lib/x86_64-linux-gnu/ivl/va_math.vpi";
S_0x55628aa96fb0 .scope module, "test" "test" 2 1;
 .timescale 0 0;
v0x55628aab0810_0 .net "ALUControl", 1 0, v0x55628aa580f0_0;  1 drivers
v0x55628aab08f0_0 .net "ALUSrc", 0 0, v0x55628aab0340_0;  1 drivers
v0x55628aab0990_0 .net "Branch", 0 0, v0x55628aab0400_0;  1 drivers
v0x55628aab0a90_0 .net "Ctrls", 5 0, L_0x55628aab0dc0;  1 drivers
v0x55628aab0b30_0 .net "MemWrite", 0 0, v0x55628aab04a0_0;  1 drivers
v0x55628aab0c20_0 .var "Opcode", 2 0;
v0x55628aab0cf0_0 .net "RegWrite", 0 0, v0x55628aab0690_0;  1 drivers
E_0x55628aa58710 .event anyedge, v0x55628aab0560_0, v0x55628aab0a90_0;
LS_0x55628aab0dc0_0_0 .concat [ 1 1 2 1], v0x55628aab0400_0, v0x55628aab04a0_0, v0x55628aa580f0_0, v0x55628aab0690_0;
LS_0x55628aab0dc0_0_4 .concat [ 1 0 0 0], v0x55628aab0340_0;
L_0x55628aab0dc0 .concat [ 5 1 0 0], LS_0x55628aab0dc0_0_0, LS_0x55628aab0dc0_0_4;
S_0x55628aa97140 .scope module, "CU" "controlUnit" 2 10, 3 1 0, S_0x55628aa96fb0;
 .timescale 0 0;
    .port_info 0 /INPUT 3 "Opcode";
    .port_info 1 /OUTPUT 1 "ALUSrc";
    .port_info 2 /OUTPUT 1 "RegWrite";
    .port_info 3 /OUTPUT 2 "ALUControl";
    .port_info 4 /OUTPUT 1 "MemWrite";
    .port_info 5 /OUTPUT 1 "Branch";
v0x55628aa580f0_0 .var "ALUControl", 1 0;
v0x55628aab0340_0 .var "ALUSrc", 0 0;
v0x55628aab0400_0 .var "Branch", 0 0;
v0x55628aab04a0_0 .var "MemWrite", 0 0;
v0x55628aab0560_0 .net "Opcode", 2 0, v0x55628aab0c20_0;  1 drivers
v0x55628aab0690_0 .var "RegWrite", 0 0;
E_0x55628aa917f0 .event anyedge, v0x55628aab0560_0;
    .scope S_0x55628aa97140;
T_0 ;
    %wait E_0x55628aa917f0;
    %load/vec4 v0x55628aab0560_0;
    %dup/vec4;
    %pushi/vec4 0, 0, 3;
    %cmp/u;
    %jmp/1 T_0.0, 6;
    %dup/vec4;
    %pushi/vec4 1, 0, 3;
    %cmp/u;
    %jmp/1 T_0.1, 6;
    %dup/vec4;
    %pushi/vec4 2, 0, 3;
    %cmp/u;
    %jmp/1 T_0.2, 6;
    %dup/vec4;
    %pushi/vec4 3, 0, 3;
    %cmp/u;
    %jmp/1 T_0.3, 6;
    %dup/vec4;
    %pushi/vec4 4, 0, 3;
    %cmp/u;
    %jmp/1 T_0.4, 6;
    %dup/vec4;
    %pushi/vec4 5, 0, 3;
    %cmp/u;
    %jmp/1 T_0.5, 6;
    %pushi/vec4 0, 0, 1;
    %store/vec4 v0x55628aab0340_0, 0, 1;
    %pushi/vec4 0, 0, 1;
    %store/vec4 v0x55628aab0690_0, 0, 1;
    %pushi/vec4 0, 0, 2;
    %store/vec4 v0x55628aa580f0_0, 0, 2;
    %pushi/vec4 0, 0, 1;
    %store/vec4 v0x55628aab04a0_0, 0, 1;
    %pushi/vec4 0, 0, 1;
    %store/vec4 v0x55628aab0400_0, 0, 1;
    %jmp T_0.7;
T_0.0 ;
    %pushi/vec4 0, 0, 1;
    %store/vec4 v0x55628aab0340_0, 0, 1;
    %pushi/vec4 1, 0, 1;
    %store/vec4 v0x55628aab0690_0, 0, 1;
    %pushi/vec4 0, 0, 2;
    %store/vec4 v0x55628aa580f0_0, 0, 2;
    %pushi/vec4 0, 0, 1;
    %store/vec4 v0x55628aab04a0_0, 0, 1;
    %pushi/vec4 0, 0, 1;
    %store/vec4 v0x55628aab0400_0, 0, 1;
    %jmp T_0.7;
T_0.1 ;
    %pushi/vec4 1, 0, 1;
    %store/vec4 v0x55628aab0340_0, 0, 1;
    %pushi/vec4 1, 0, 1;
    %store/vec4 v0x55628aab0690_0, 0, 1;
    %pushi/vec4 0, 0, 2;
    %store/vec4 v0x55628aa580f0_0, 0, 2;
    %pushi/vec4 0, 0, 1;
    %store/vec4 v0x55628aab04a0_0, 0, 1;
    %pushi/vec4 0, 0, 1;
    %store/vec4 v0x55628aab0400_0, 0, 1;
    %jmp T_0.7;
T_0.2 ;
    %pushi/vec4 0, 0, 1;
    %store/vec4 v0x55628aab0340_0, 0, 1;
    %pushi/vec4 1, 0, 1;
    %store/vec4 v0x55628aab0690_0, 0, 1;
    %pushi/vec4 1, 0, 2;
    %store/vec4 v0x55628aa580f0_0, 0, 2;
    %pushi/vec4 0, 0, 1;
    %store/vec4 v0x55628aab04a0_0, 0, 1;
    %pushi/vec4 0, 0, 1;
    %store/vec4 v0x55628aab0400_0, 0, 1;
    %jmp T_0.7;
T_0.3 ;
    %pushi/vec4 1, 0, 1;
    %store/vec4 v0x55628aab0340_0, 0, 1;
    %pushi/vec4 1, 0, 1;
    %store/vec4 v0x55628aab0690_0, 0, 1;
    %pushi/vec4 0, 0, 2;
    %store/vec4 v0x55628aa580f0_0, 0, 2;
    %pushi/vec4 0, 0, 1;
    %store/vec4 v0x55628aab04a0_0, 0, 1;
    %pushi/vec4 0, 0, 1;
    %store/vec4 v0x55628aab0400_0, 0, 1;
    %jmp T_0.7;
T_0.4 ;
    %pushi/vec4 1, 0, 1;
    %store/vec4 v0x55628aab0340_0, 0, 1;
    %pushi/vec4 0, 0, 1;
    %store/vec4 v0x55628aab0690_0, 0, 1;
    %pushi/vec4 0, 0, 2;
    %store/vec4 v0x55628aa580f0_0, 0, 2;
    %pushi/vec4 1, 0, 1;
    %store/vec4 v0x55628aab04a0_0, 0, 1;
    %pushi/vec4 0, 0, 1;
    %store/vec4 v0x55628aab0400_0, 0, 1;
    %jmp T_0.7;
T_0.5 ;
    %pushi/vec4 0, 0, 1;
    %store/vec4 v0x55628aab0340_0, 0, 1;
    %pushi/vec4 0, 0, 1;
    %store/vec4 v0x55628aab0690_0, 0, 1;
    %pushi/vec4 1, 0, 2;
    %store/vec4 v0x55628aa580f0_0, 0, 2;
    %pushi/vec4 0, 0, 1;
    %store/vec4 v0x55628aab04a0_0, 0, 1;
    %pushi/vec4 1, 0, 1;
    %store/vec4 v0x55628aab0400_0, 0, 1;
    %jmp T_0.7;
T_0.7 ;
    %pop/vec4 1;
    %jmp T_0;
    .thread T_0, $push;
    .scope S_0x55628aa96fb0;
T_1 ;
    %vpi_call 2 13 "$dumpfile", "test" {0 0 0};
    %vpi_call 2 14 "$dumpvars" {0 0 0};
    %pushi/vec4 0, 0, 3;
    %store/vec4 v0x55628aab0c20_0, 0, 3;
    %delay 12, 0;
    %vpi_call 2 16 "$display", "Note: This testbench cannot test the control unit if implemened as a sequential circuit." {0 0 0};
    %vpi_call 2 17 "$finish" {0 0 0};
    %end;
    .thread T_1;
    .scope S_0x55628aa96fb0;
T_2 ;
    %delay 2, 0;
    %load/vec4 v0x55628aab0c20_0;
    %addi 1, 0, 3;
    %store/vec4 v0x55628aab0c20_0, 0, 3;
    %jmp T_2;
    .thread T_2;
    .scope S_0x55628aa96fb0;
T_3 ;
    %wait E_0x55628aa58710;
    %delay 1, 0;
    %load/vec4 v0x55628aab0c20_0;
    %load/vec4 v0x55628aab0a90_0;
    %concat/vec4; draw_concat_vec4
    %dup/vec4;
    %pushi/vec4 16, 0, 9;
    %cmp/z;
    %jmp/1 T_3.0, 4;
    %dup/vec4;
    %pushi/vec4 112, 0, 9;
    %cmp/z;
    %jmp/1 T_3.1, 4;
    %dup/vec4;
    %pushi/vec4 148, 0, 9;
    %cmp/z;
    %jmp/1 T_3.2, 4;
    %dup/vec4;
    %pushi/vec4 240, 0, 9;
    %cmp/z;
    %jmp/1 T_3.3, 4;
    %dup/vec4;
    %pushi/vec4 290, 0, 9;
    %cmp/z;
    %jmp/1 T_3.4, 4;
    %dup/vec4;
    %pushi/vec4 325, 0, 9;
    %cmp/z;
    %jmp/1 T_3.5, 4;
    %dup/vec4;
    %pushi/vec4 384, 127, 9;
    %cmp/z;
    %jmp/1 T_3.6, 4;
    %vpi_call 2 32 "$display", "Control unit FAILED!!! Opcode: %b", v0x55628aab0c20_0 {0 0 0};
    %jmp T_3.8;
T_3.0 ;
    %vpi_call 2 25 "$display", "add:  OK" {0 0 0};
    %jmp T_3.8;
T_3.1 ;
    %vpi_call 2 26 "$display", "addi: OK" {0 0 0};
    %jmp T_3.8;
T_3.2 ;
    %vpi_call 2 27 "$display", "sub:  OK" {0 0 0};
    %jmp T_3.8;
T_3.3 ;
    %vpi_call 2 28 "$display", "lw:   OK" {0 0 0};
    %jmp T_3.8;
T_3.4 ;
    %vpi_call 2 29 "$display", "sw:   OK" {0 0 0};
    %jmp T_3.8;
T_3.5 ;
    %vpi_call 2 30 "$display", "beq:  OK" {0 0 0};
    %jmp T_3.8;
T_3.6 ;
    %vpi_call 2 31 "$display", "Unknown Opcode: not testing" {0 0 0};
    %jmp T_3.8;
T_3.8 ;
    %pop/vec4 1;
    %jmp T_3;
    .thread T_3, $push;
# The file index is used to find the file name in the following table.
:file_names 4;
    "N/A";
    "<interactive>";
    "controlUnit_tb.v";
    "controlUnit.v";
