#! /usr/bin/vvp
:ivl_version "12.0 (stable)";
:ivl_delay_selection "TYPICAL";
:vpi_time_precision + 0;
:vpi_module "/usr/lib/x86_64-linux-gnu/ivl/system.vpi";
:vpi_module "/usr/lib/x86_64-linux-gnu/ivl/vhdl_sys.vpi";
:vpi_module "/usr/lib/x86_64-linux-gnu/ivl/vhdl_textio.vpi";
:vpi_module "/usr/lib/x86_64-linux-gnu/ivl/v2005_math.vpi";
:vpi_module "/usr/lib/x86_64-linux-gnu/ivl/va_math.vpi";
S_0x561532af2510 .scope module, "testbench" "testbench" 2 1;
 .timescale 0 0;
v0x561532b330a0_0 .net "address_to_mem", 31 0, L_0x561532b45490;  1 drivers
v0x561532b33180_0 .var "clk", 0 0;
v0x561532b33240_0 .net "data_to_mem", 31 0, L_0x561532b45500;  1 drivers
v0x561532b332e0_0 .var "reset", 0 0;
v0x561532b33380_0 .net "write_enable", 0 0, L_0x561532b45390;  1 drivers
S_0x561532b0f050 .scope module, "simulated_system" "top" 2 7, 3 1 0, S_0x561532af2510;
 .timescale 0 0;
    .port_info 0 /INPUT 1 "clk";
    .port_info 1 /INPUT 1 "reset";
    .port_info 2 /OUTPUT 32 "data_to_mem";
    .port_info 3 /OUTPUT 32 "address_to_mem";
    .port_info 4 /OUTPUT 1 "write_enable";
v0x561532b32900_0 .net "address_to_mem", 31 0, L_0x561532b45490;  alias, 1 drivers
v0x561532b32a10_0 .net "clk", 0 0, v0x561532b33180_0;  1 drivers
v0x561532b32ad0_0 .net "data_from_mem", 31 0, L_0x561532b33a60;  1 drivers
v0x561532b32b70_0 .net "data_to_mem", 31 0, L_0x561532b45500;  alias, 1 drivers
v0x561532b32c10_0 .net "instruction", 31 0, L_0x561532b33650;  1 drivers
v0x561532b32d20_0 .net "pc", 31 0, v0x561532b2a0e0_0;  1 drivers
v0x561532b32e70_0 .net "reset", 0 0, v0x561532b332e0_0;  1 drivers
v0x561532b32f10_0 .net "write_enable", 0 0, L_0x561532b45390;  alias, 1 drivers
L_0x561532b33750 .part v0x561532b2a0e0_0, 2, 6;
S_0x561532aa8340 .scope module, "CPU" "processor" 3 9, 4 2 0, S_0x561532b0f050;
 .timescale 0 0;
    .port_info 0 /INPUT 1 "clk";
    .port_info 1 /INPUT 1 "reset";
    .port_info 2 /OUTPUT 32 "PC";
    .port_info 3 /INPUT 32 "instruction";
    .port_info 4 /OUTPUT 1 "WE";
    .port_info 5 /OUTPUT 32 "address_to_mem";
    .port_info 6 /OUTPUT 32 "data_to_mem";
    .port_info 7 /INPUT 32 "data_from_mem";
L_0x561532b45390 .functor BUFZ 1, v0x561532b2aca0_0, C4<0>, C4<0>, C4<0>;
L_0x561532b45490 .functor BUFZ 32, v0x561532b28b10_0, C4<00000000000000000000000000000000>, C4<00000000000000000000000000000000>, C4<00000000000000000000000000000000>;
L_0x561532b45500 .functor BUFZ 32, v0x561532b2f6b0_0, C4<00000000000000000000000000000000>, C4<00000000000000000000000000000000>, C4<00000000000000000000000000000000>;
v0x561532b2f8f0_0 .net "ALUControl", 3 0, v0x561532b2a720_0;  1 drivers
v0x561532b2f9d0_0 .net "ALUOutput", 31 0, v0x561532b28b10_0;  1 drivers
v0x561532b2fa90_0 .net "ALUSrc", 0 0, v0x561532b2a800_0;  1 drivers
v0x561532b2fb80_0 .net "BranchBeq", 0 0, v0x561532b2a8a0_0;  1 drivers
v0x561532b2fc70_0 .net "BranchBlt", 0 0, v0x561532b2a9a0_0;  1 drivers
v0x561532b2fd60_0 .net "BranchJal", 0 0, v0x561532b2aa40_0;  1 drivers
v0x561532b2fe50_0 .net "BranchJalr", 0 0, v0x561532b2ab30_0;  1 drivers
v0x561532b2fef0_0 .net "BranchJalx", 0 0, L_0x561532b45190;  1 drivers
v0x561532b2ff90_0 .net "BranchOutcome", 0 0, L_0x561532b45200;  1 drivers
v0x561532b300c0_0 .net "BranchTarget", 31 0, L_0x561532b44890;  1 drivers
v0x561532b301b0_0 .net "MemToReg", 0 0, v0x561532b2ac00_0;  1 drivers
v0x561532b302a0_0 .net "MemWrite", 0 0, v0x561532b2aca0_0;  1 drivers
v0x561532b30340_0 .net "PC", 31 0, v0x561532b2a0e0_0;  alias, 1 drivers
v0x561532b303e0_0 .net "PCPlus4", 31 0, L_0x561532b43ed0;  1 drivers
v0x561532b30480_0 .net "PCn", 31 0, L_0x561532b43d50;  1 drivers
v0x561532b30590_0 .net "RegWrite", 0 0, v0x561532b2ad40_0;  1 drivers
v0x561532b30680_0 .net "SrcB", 31 0, L_0x561532b444e0;  1 drivers
v0x561532b308a0_0 .net "WE", 0 0, L_0x561532b45390;  alias, 1 drivers
v0x561532b30960_0 .net "Zero", 0 0, v0x561532b28ce0_0;  1 drivers
v0x561532b30a50_0 .net "addResult", 31 0, L_0x561532b445d0;  1 drivers
v0x561532b30b60_0 .net "address_to_mem", 31 0, L_0x561532b45490;  alias, 1 drivers
v0x561532b30c40_0 .net "andOutcome", 0 0, L_0x561532b43f70;  1 drivers
v0x561532b30d30_0 .net "clk", 0 0, v0x561532b33180_0;  alias, 1 drivers
v0x561532b30e20_0 .net "data_from_mem", 31 0, L_0x561532b33a60;  alias, 1 drivers
v0x561532b30ee0_0 .net "data_to_mem", 31 0, L_0x561532b45500;  alias, 1 drivers
v0x561532b30fa0_0 .net "immControl", 2 0, v0x561532b2ade0_0;  1 drivers
v0x561532b310b0_0 .net "immOp", 31 0, v0x561532b2b460_0;  1 drivers
v0x561532b31170_0 .net "instruction", 31 0, L_0x561532b33650;  alias, 1 drivers
v0x561532b31230_0 .net "res", 31 0, L_0x561532b45010;  1 drivers
v0x561532b31320_0 .net "resFlag", 31 0, L_0x561532b44d40;  1 drivers
v0x561532b31430_0 .net "reset", 0 0, v0x561532b332e0_0;  alias, 1 drivers
v0x561532b314d0_0 .net "rs1", 31 0, v0x561532b2f5c0_0;  1 drivers
v0x561532b315c0_0 .net "rs2", 31 0, v0x561532b2f6b0_0;  1 drivers
L_0x561532b43fe0 .part L_0x561532b33650, 15, 5;
L_0x561532b44080 .part L_0x561532b33650, 20, 5;
L_0x561532b44120 .part L_0x561532b33650, 7, 5;
L_0x561532b441c0 .part L_0x561532b33650, 7, 25;
S_0x561532af5510 .scope module, "add4ToPC" "adder" 4 22, 4 47 0, S_0x561532aa8340;
 .timescale 0 0;
    .port_info 0 /INPUT 32 "a";
    .port_info 1 /INPUT 32 "b";
    .port_info 2 /OUTPUT 32 "y";
L_0x7fac406710f0 .functor BUFT 1, C4<00000000000000000000000000000100>, C4<0>, C4<0>, C4<0>;
v0x561532aec070_0 .net "a", 31 0, L_0x7fac406710f0;  1 drivers
v0x561532ae9c80_0 .net "b", 31 0, v0x561532b2a0e0_0;  alias, 1 drivers
v0x561532af3270_0 .net "y", 31 0, L_0x561532b43ed0;  alias, 1 drivers
L_0x561532b43ed0 .arith/sum 32, L_0x7fac406710f0, v0x561532b2a0e0_0;
S_0x561532b28370 .scope module, "addImmOpToPC" "adder" 4 30, 4 47 0, S_0x561532aa8340;
 .timescale 0 0;
    .port_info 0 /INPUT 32 "a";
    .port_info 1 /INPUT 32 "b";
    .port_info 2 /OUTPUT 32 "y";
v0x561532b03ef0_0 .net "a", 31 0, v0x561532b2b460_0;  alias, 1 drivers
v0x561532b28600_0 .net "b", 31 0, v0x561532b2a0e0_0;  alias, 1 drivers
v0x561532b286c0_0 .net "y", 31 0, L_0x561532b445d0;  alias, 1 drivers
L_0x561532b445d0 .arith/sum 32, v0x561532b2b460_0, v0x561532b2a0e0_0;
S_0x561532b287e0 .scope module, "aluUnit" "alu" 4 29, 4 54 0, S_0x561532aa8340;
 .timescale 0 0;
    .port_info 0 /INPUT 32 "rs1";
    .port_info 1 /INPUT 32 "SrcB";
    .port_info 2 /INPUT 4 "ALUControl";
    .port_info 3 /OUTPUT 1 "Zero";
    .port_info 4 /OUTPUT 32 "ALUOutput";
v0x561532b28a30_0 .net "ALUControl", 3 0, v0x561532b2a720_0;  alias, 1 drivers
v0x561532b28b10_0 .var "ALUOutput", 31 0;
v0x561532b28bf0_0 .net "SrcB", 31 0, L_0x561532b444e0;  alias, 1 drivers
v0x561532b28ce0_0 .var "Zero", 0 0;
v0x561532b28da0_0 .net "rs1", 31 0, v0x561532b2f5c0_0;  alias, 1 drivers
E_0x561532abb3b0 .event anyedge, v0x561532b28b10_0;
E_0x561532abb860 .event anyedge, v0x561532b28a30_0, v0x561532b28da0_0, v0x561532b28bf0_0;
S_0x561532b28f70 .scope module, "branchAnd" "logicalAnd" 4 37, 4 352 0, S_0x561532aa8340;
 .timescale 0 0;
    .port_info 0 /INPUT 1 "a";
    .port_info 1 /INPUT 1 "b";
    .port_info 2 /OUTPUT 1 "y";
L_0x561532b43f70 .functor AND 1, v0x561532b2a8a0_0, v0x561532b28ce0_0, C4<1>, C4<1>;
v0x561532b291c0_0 .net "a", 0 0, v0x561532b2a8a0_0;  alias, 1 drivers
v0x561532b292a0_0 .net "b", 0 0, v0x561532b28ce0_0;  alias, 1 drivers
v0x561532b29360_0 .net "y", 0 0, L_0x561532b43f70;  alias, 1 drivers
S_0x561532b29470 .scope module, "branchOr" "logicalOr" 4 38, 4 356 0, S_0x561532aa8340;
 .timescale 0 0;
    .port_info 0 /INPUT 1 "a";
    .port_info 1 /INPUT 1 "b";
    .port_info 2 /OUTPUT 1 "y";
L_0x561532b45190 .functor OR 1, v0x561532b2aa40_0, v0x561532b2ab30_0, C4<0>, C4<0>;
v0x561532b296f0_0 .net "a", 0 0, v0x561532b2aa40_0;  alias, 1 drivers
v0x561532b297d0_0 .net "b", 0 0, v0x561532b2ab30_0;  alias, 1 drivers
v0x561532b29890_0 .net "y", 0 0, L_0x561532b45190;  alias, 1 drivers
S_0x561532b299b0 .scope module, "branchOrCompete" "logicalOr" 4 39, 4 356 0, S_0x561532aa8340;
 .timescale 0 0;
    .port_info 0 /INPUT 1 "a";
    .port_info 1 /INPUT 1 "b";
    .port_info 2 /OUTPUT 1 "y";
L_0x561532b45200 .functor OR 1, L_0x561532b45190, L_0x561532b43f70, C4<0>, C4<0>;
v0x561532b29be0_0 .net "a", 0 0, L_0x561532b45190;  alias, 1 drivers
v0x561532b29cd0_0 .net "b", 0 0, L_0x561532b43f70;  alias, 1 drivers
v0x561532b29da0_0 .net "y", 0 0, L_0x561532b45200;  alias, 1 drivers
S_0x561532b29eb0 .scope module, "counter" "programCounter" 4 20, 4 283 0, S_0x561532aa8340;
 .timescale 0 0;
    .port_info 0 /INPUT 1 "clk";
    .port_info 1 /INPUT 1 "reset";
    .port_info 2 /INPUT 32 "PCn";
    .port_info 3 /OUTPUT 32 "PC";
v0x561532b2a0e0_0 .var "PC", 31 0;
v0x561532b2a210_0 .net "PCn", 31 0, L_0x561532b43d50;  alias, 1 drivers
v0x561532b2a2f0_0 .net "clk", 0 0, v0x561532b33180_0;  alias, 1 drivers
v0x561532b2a390_0 .net "reset", 0 0, v0x561532b332e0_0;  alias, 1 drivers
E_0x561532abbcd0 .event posedge, v0x561532b2a2f0_0;
S_0x561532b2a500 .scope module, "ctrlUnit" "controlUnit" 4 24, 4 78 0, S_0x561532aa8340;
 .timescale 0 0;
    .port_info 0 /INPUT 32 "instruction";
    .port_info 1 /OUTPUT 1 "BranchBeq";
    .port_info 2 /OUTPUT 1 "BranchBlt";
    .port_info 3 /OUTPUT 1 "BranchJal";
    .port_info 4 /OUTPUT 1 "BranchJalr";
    .port_info 5 /OUTPUT 1 "RegWrite";
    .port_info 6 /OUTPUT 1 "MemToReg";
    .port_info 7 /OUTPUT 1 "MemWrite";
    .port_info 8 /OUTPUT 1 "ALUSrc";
    .port_info 9 /OUTPUT 4 "ALUControl";
    .port_info 10 /OUTPUT 3 "immControl";
v0x561532b2a720_0 .var "ALUControl", 3 0;
v0x561532b2a800_0 .var "ALUSrc", 0 0;
v0x561532b2a8a0_0 .var "BranchBeq", 0 0;
v0x561532b2a9a0_0 .var "BranchBlt", 0 0;
v0x561532b2aa40_0 .var "BranchJal", 0 0;
v0x561532b2ab30_0 .var "BranchJalr", 0 0;
v0x561532b2ac00_0 .var "MemToReg", 0 0;
v0x561532b2aca0_0 .var "MemWrite", 0 0;
v0x561532b2ad40_0 .var "RegWrite", 0 0;
v0x561532b2ade0_0 .var "immControl", 2 0;
v0x561532b2aec0_0 .net "instruction", 31 0, L_0x561532b33650;  alias, 1 drivers
E_0x561532a9d0a0 .event anyedge, v0x561532b2aec0_0;
S_0x561532b2b160 .scope module, "decode" "immDecode" 4 26, 4 324 0, S_0x561532aa8340;
 .timescale 0 0;
    .port_info 0 /INPUT 25 "instr";
    .port_info 1 /INPUT 3 "immControl";
    .port_info 2 /OUTPUT 32 "immOp";
v0x561532b2b350_0 .net "immControl", 2 0, v0x561532b2ade0_0;  alias, 1 drivers
v0x561532b2b460_0 .var "immOp", 31 0;
v0x561532b2b530_0 .net "instr", 31 7, L_0x561532b441c0;  1 drivers
E_0x561532b0fd30 .event anyedge, v0x561532b2ade0_0, v0x561532b2b530_0;
S_0x561532b2b680 .scope module, "muxToBranchTarget" "mux3to1" 4 31, 4 360 0, S_0x561532aa8340;
 .timescale 0 0;
    .port_info 0 /INPUT 32 "a";
    .port_info 1 /INPUT 32 "b";
    .port_info 2 /INPUT 1 "select";
    .port_info 3 /OUTPUT 32 "y";
v0x561532b2b890_0 .net *"_ivl_0", 31 0, L_0x561532b44670;  1 drivers
L_0x7fac406711c8 .functor BUFT 1, C4<0000000000000000000000000000000>, C4<0>, C4<0>, C4<0>;
v0x561532b2b970_0 .net *"_ivl_3", 30 0, L_0x7fac406711c8;  1 drivers
L_0x7fac40671210 .functor BUFT 1, C4<00000000000000000000000000000000>, C4<0>, C4<0>, C4<0>;
v0x561532b2ba50_0 .net/2u *"_ivl_4", 31 0, L_0x7fac40671210;  1 drivers
v0x561532b2bb40_0 .net *"_ivl_6", 0 0, L_0x561532b447a0;  1 drivers
v0x561532b2bc00_0 .net "a", 31 0, L_0x561532b445d0;  alias, 1 drivers
v0x561532b2bd10_0 .net "b", 31 0, v0x561532b28b10_0;  alias, 1 drivers
v0x561532b2bde0_0 .net "select", 0 0, v0x561532b2ab30_0;  alias, 1 drivers
v0x561532b2bed0_0 .net "y", 31 0, L_0x561532b44890;  alias, 1 drivers
L_0x561532b44670 .concat [ 1 31 0 0], v0x561532b2ab30_0, L_0x7fac406711c8;
L_0x561532b447a0 .cmp/eq 32, L_0x561532b44670, L_0x7fac40671210;
L_0x561532b44890 .functor MUXZ 32, v0x561532b28b10_0, L_0x561532b445d0, L_0x561532b447a0, C4<>;
S_0x561532b2c010 .scope module, "muxToPCn" "mux3to1" 4 19, 4 360 0, S_0x561532aa8340;
 .timescale 0 0;
    .port_info 0 /INPUT 32 "a";
    .port_info 1 /INPUT 32 "b";
    .port_info 2 /INPUT 1 "select";
    .port_info 3 /OUTPUT 32 "y";
v0x561532b2c260_0 .net *"_ivl_0", 31 0, L_0x561532b33b60;  1 drivers
L_0x7fac40671060 .functor BUFT 1, C4<0000000000000000000000000000000>, C4<0>, C4<0>, C4<0>;
v0x561532b2c360_0 .net *"_ivl_3", 30 0, L_0x7fac40671060;  1 drivers
L_0x7fac406710a8 .functor BUFT 1, C4<00000000000000000000000000000000>, C4<0>, C4<0>, C4<0>;
v0x561532b2c440_0 .net/2u *"_ivl_4", 31 0, L_0x7fac406710a8;  1 drivers
v0x561532b2c530_0 .net *"_ivl_6", 0 0, L_0x561532b43c10;  1 drivers
v0x561532b2c5f0_0 .net "a", 31 0, L_0x561532b43ed0;  alias, 1 drivers
v0x561532b2c700_0 .net "b", 31 0, L_0x561532b44890;  alias, 1 drivers
v0x561532b2c7d0_0 .net "select", 0 0, L_0x561532b45200;  alias, 1 drivers
v0x561532b2c8a0_0 .net "y", 31 0, L_0x561532b43d50;  alias, 1 drivers
L_0x561532b33b60 .concat [ 1 31 0 0], L_0x561532b45200, L_0x7fac40671060;
L_0x561532b43c10 .cmp/eq 32, L_0x561532b33b60, L_0x7fac406710a8;
L_0x561532b43d50 .functor MUXZ 32, L_0x561532b44890, L_0x561532b43ed0, L_0x561532b43c10, C4<>;
S_0x561532b2c9e0 .scope module, "muxToRes" "mux3to1" 4 35, 4 360 0, S_0x561532aa8340;
 .timescale 0 0;
    .port_info 0 /INPUT 32 "a";
    .port_info 1 /INPUT 32 "b";
    .port_info 2 /INPUT 1 "select";
    .port_info 3 /OUTPUT 32 "y";
v0x561532b2cc30_0 .net *"_ivl_0", 31 0, L_0x561532b44de0;  1 drivers
L_0x7fac406712e8 .functor BUFT 1, C4<0000000000000000000000000000000>, C4<0>, C4<0>, C4<0>;
v0x561532b2cd30_0 .net *"_ivl_3", 30 0, L_0x7fac406712e8;  1 drivers
L_0x7fac40671330 .functor BUFT 1, C4<00000000000000000000000000000000>, C4<0>, C4<0>, C4<0>;
v0x561532b2ce10_0 .net/2u *"_ivl_4", 31 0, L_0x7fac40671330;  1 drivers
v0x561532b2cf00_0 .net *"_ivl_6", 0 0, L_0x561532b44ed0;  1 drivers
v0x561532b2cfc0_0 .net "a", 31 0, L_0x561532b44d40;  alias, 1 drivers
v0x561532b2d0f0_0 .net "b", 31 0, L_0x561532b33a60;  alias, 1 drivers
v0x561532b2d1d0_0 .net "select", 0 0, v0x561532b2ac00_0;  alias, 1 drivers
v0x561532b2d270_0 .net "y", 31 0, L_0x561532b45010;  alias, 1 drivers
L_0x561532b44de0 .concat [ 1 31 0 0], v0x561532b2ac00_0, L_0x7fac406712e8;
L_0x561532b44ed0 .cmp/eq 32, L_0x561532b44de0, L_0x7fac40671330;
L_0x561532b45010 .functor MUXZ 32, L_0x561532b33a60, L_0x561532b44d40, L_0x561532b44ed0, C4<>;
S_0x561532b2d3e0 .scope module, "muxToResFlag" "mux3to1" 4 33, 4 360 0, S_0x561532aa8340;
 .timescale 0 0;
    .port_info 0 /INPUT 32 "a";
    .port_info 1 /INPUT 32 "b";
    .port_info 2 /INPUT 1 "select";
    .port_info 3 /OUTPUT 32 "y";
v0x561532b2d630_0 .net *"_ivl_0", 31 0, L_0x561532b44ae0;  1 drivers
L_0x7fac40671258 .functor BUFT 1, C4<0000000000000000000000000000000>, C4<0>, C4<0>, C4<0>;
v0x561532b2d730_0 .net *"_ivl_3", 30 0, L_0x7fac40671258;  1 drivers
L_0x7fac406712a0 .functor BUFT 1, C4<00000000000000000000000000000000>, C4<0>, C4<0>, C4<0>;
v0x561532b2d810_0 .net/2u *"_ivl_4", 31 0, L_0x7fac406712a0;  1 drivers
v0x561532b2d900_0 .net *"_ivl_6", 0 0, L_0x561532b44ca0;  1 drivers
v0x561532b2d9c0_0 .net "a", 31 0, v0x561532b28b10_0;  alias, 1 drivers
v0x561532b2db20_0 .net "b", 31 0, L_0x561532b43ed0;  alias, 1 drivers
v0x561532b2dc30_0 .net "select", 0 0, L_0x561532b45190;  alias, 1 drivers
v0x561532b2dd20_0 .net "y", 31 0, L_0x561532b44d40;  alias, 1 drivers
L_0x561532b44ae0 .concat [ 1 31 0 0], L_0x561532b45190, L_0x7fac40671258;
L_0x561532b44ca0 .cmp/eq 32, L_0x561532b44ae0, L_0x7fac406712a0;
L_0x561532b44d40 .functor MUXZ 32, L_0x561532b43ed0, v0x561532b28b10_0, L_0x561532b44ca0, C4<>;
S_0x561532b2de40 .scope module, "muxToSrcB" "mux3to1" 4 28, 4 360 0, S_0x561532aa8340;
 .timescale 0 0;
    .port_info 0 /INPUT 32 "a";
    .port_info 1 /INPUT 32 "b";
    .port_info 2 /INPUT 1 "select";
    .port_info 3 /OUTPUT 32 "y";
v0x561532b2e090_0 .net *"_ivl_0", 31 0, L_0x561532b44260;  1 drivers
L_0x7fac40671138 .functor BUFT 1, C4<0000000000000000000000000000000>, C4<0>, C4<0>, C4<0>;
v0x561532b2e190_0 .net *"_ivl_3", 30 0, L_0x7fac40671138;  1 drivers
L_0x7fac40671180 .functor BUFT 1, C4<00000000000000000000000000000000>, C4<0>, C4<0>, C4<0>;
v0x561532b2e270_0 .net/2u *"_ivl_4", 31 0, L_0x7fac40671180;  1 drivers
v0x561532b2e330_0 .net *"_ivl_6", 0 0, L_0x561532b443a0;  1 drivers
v0x561532b2e3f0_0 .net "a", 31 0, v0x561532b2f6b0_0;  alias, 1 drivers
v0x561532b2e520_0 .net "b", 31 0, v0x561532b2b460_0;  alias, 1 drivers
v0x561532b2e630_0 .net "select", 0 0, v0x561532b2a800_0;  alias, 1 drivers
v0x561532b2e6d0_0 .net "y", 31 0, L_0x561532b444e0;  alias, 1 drivers
L_0x561532b44260 .concat [ 1 31 0 0], v0x561532b2a800_0, L_0x7fac40671138;
L_0x561532b443a0 .cmp/eq 32, L_0x561532b44260, L_0x7fac40671180;
L_0x561532b444e0 .functor MUXZ 32, v0x561532b2b460_0, v0x561532b2f6b0_0, L_0x561532b443a0, C4<>;
S_0x561532b2e7d0 .scope module, "set" "gprSet" 4 25, 4 294 0, S_0x561532aa8340;
 .timescale 0 0;
    .port_info 0 /INPUT 1 "clk";
    .port_info 1 /INPUT 5 "a1";
    .port_info 2 /INPUT 5 "a2";
    .port_info 3 /INPUT 5 "a3";
    .port_info 4 /INPUT 32 "ReadData";
    .port_info 5 /INPUT 1 "RegWrite";
    .port_info 6 /OUTPUT 32 "rs1";
    .port_info 7 /OUTPUT 32 "rs2";
v0x561532b2ec10_0 .net "ReadData", 31 0, L_0x561532b45010;  alias, 1 drivers
v0x561532b2ecf0_0 .net "RegWrite", 0 0, v0x561532b2ad40_0;  alias, 1 drivers
v0x561532b2edc0_0 .net "a1", 19 15, L_0x561532b43fe0;  1 drivers
v0x561532b2ee90_0 .net "a2", 24 20, L_0x561532b44080;  1 drivers
v0x561532b2ef50_0 .net "a3", 11 7, L_0x561532b44120;  1 drivers
v0x561532b2f080_0 .net "clk", 0 0, v0x561532b33180_0;  alias, 1 drivers
v0x561532b2f120 .array "reg_file", 0 31, 31 0;
v0x561532b2f5c0_0 .var "rs1", 31 0;
v0x561532b2f6b0_0 .var "rs2", 31 0;
v0x561532b2f120_0 .array/port v0x561532b2f120, 0;
v0x561532b2f120_1 .array/port v0x561532b2f120, 1;
v0x561532b2f120_2 .array/port v0x561532b2f120, 2;
E_0x561532b0fcf0/0 .event anyedge, v0x561532b2edc0_0, v0x561532b2f120_0, v0x561532b2f120_1, v0x561532b2f120_2;
v0x561532b2f120_3 .array/port v0x561532b2f120, 3;
v0x561532b2f120_4 .array/port v0x561532b2f120, 4;
v0x561532b2f120_5 .array/port v0x561532b2f120, 5;
v0x561532b2f120_6 .array/port v0x561532b2f120, 6;
E_0x561532b0fcf0/1 .event anyedge, v0x561532b2f120_3, v0x561532b2f120_4, v0x561532b2f120_5, v0x561532b2f120_6;
v0x561532b2f120_7 .array/port v0x561532b2f120, 7;
v0x561532b2f120_8 .array/port v0x561532b2f120, 8;
v0x561532b2f120_9 .array/port v0x561532b2f120, 9;
v0x561532b2f120_10 .array/port v0x561532b2f120, 10;
E_0x561532b0fcf0/2 .event anyedge, v0x561532b2f120_7, v0x561532b2f120_8, v0x561532b2f120_9, v0x561532b2f120_10;
v0x561532b2f120_11 .array/port v0x561532b2f120, 11;
v0x561532b2f120_12 .array/port v0x561532b2f120, 12;
v0x561532b2f120_13 .array/port v0x561532b2f120, 13;
v0x561532b2f120_14 .array/port v0x561532b2f120, 14;
E_0x561532b0fcf0/3 .event anyedge, v0x561532b2f120_11, v0x561532b2f120_12, v0x561532b2f120_13, v0x561532b2f120_14;
v0x561532b2f120_15 .array/port v0x561532b2f120, 15;
v0x561532b2f120_16 .array/port v0x561532b2f120, 16;
v0x561532b2f120_17 .array/port v0x561532b2f120, 17;
v0x561532b2f120_18 .array/port v0x561532b2f120, 18;
E_0x561532b0fcf0/4 .event anyedge, v0x561532b2f120_15, v0x561532b2f120_16, v0x561532b2f120_17, v0x561532b2f120_18;
v0x561532b2f120_19 .array/port v0x561532b2f120, 19;
v0x561532b2f120_20 .array/port v0x561532b2f120, 20;
v0x561532b2f120_21 .array/port v0x561532b2f120, 21;
v0x561532b2f120_22 .array/port v0x561532b2f120, 22;
E_0x561532b0fcf0/5 .event anyedge, v0x561532b2f120_19, v0x561532b2f120_20, v0x561532b2f120_21, v0x561532b2f120_22;
v0x561532b2f120_23 .array/port v0x561532b2f120, 23;
v0x561532b2f120_24 .array/port v0x561532b2f120, 24;
v0x561532b2f120_25 .array/port v0x561532b2f120, 25;
v0x561532b2f120_26 .array/port v0x561532b2f120, 26;
E_0x561532b0fcf0/6 .event anyedge, v0x561532b2f120_23, v0x561532b2f120_24, v0x561532b2f120_25, v0x561532b2f120_26;
v0x561532b2f120_27 .array/port v0x561532b2f120, 27;
v0x561532b2f120_28 .array/port v0x561532b2f120, 28;
v0x561532b2f120_29 .array/port v0x561532b2f120, 29;
v0x561532b2f120_30 .array/port v0x561532b2f120, 30;
E_0x561532b0fcf0/7 .event anyedge, v0x561532b2f120_27, v0x561532b2f120_28, v0x561532b2f120_29, v0x561532b2f120_30;
v0x561532b2f120_31 .array/port v0x561532b2f120, 31;
E_0x561532b0fcf0/8 .event anyedge, v0x561532b2f120_31, v0x561532b2ee90_0;
E_0x561532b0fcf0 .event/or E_0x561532b0fcf0/0, E_0x561532b0fcf0/1, E_0x561532b0fcf0/2, E_0x561532b0fcf0/3, E_0x561532b0fcf0/4, E_0x561532b0fcf0/5, E_0x561532b0fcf0/6, E_0x561532b0fcf0/7, E_0x561532b0fcf0/8;
S_0x561532b31820 .scope module, "dmem" "data_mem" 3 8, 5 1 0, S_0x561532b0f050;
 .timescale 0 0;
    .port_info 0 /INPUT 1 "clk";
    .port_info 1 /INPUT 1 "we";
    .port_info 2 /INPUT 32 "address";
    .port_info 3 /INPUT 32 "wd";
    .port_info 4 /OUTPUT 32 "rd";
L_0x561532b33a60 .functor BUFZ 32, L_0x561532b33840, C4<00000000000000000000000000000000>, C4<00000000000000000000000000000000>, C4<00000000000000000000000000000000>;
v0x561532b31a20 .array "RAM", 0 63, 31 0;
v0x561532b31ae0_0 .net *"_ivl_0", 31 0, L_0x561532b33840;  1 drivers
v0x561532b31bc0_0 .net *"_ivl_3", 29 0, L_0x561532b338e0;  1 drivers
v0x561532b31c80_0 .net "address", 31 0, L_0x561532b45490;  alias, 1 drivers
v0x561532b31d40_0 .net "clk", 0 0, v0x561532b33180_0;  alias, 1 drivers
v0x561532b31e30_0 .net "rd", 31 0, L_0x561532b33a60;  alias, 1 drivers
v0x561532b31f20_0 .net "wd", 31 0, L_0x561532b45500;  alias, 1 drivers
v0x561532b31fe0_0 .net "we", 0 0, L_0x561532b45390;  alias, 1 drivers
L_0x561532b33840 .array/port v0x561532b31a20, L_0x561532b338e0;
L_0x561532b338e0 .part L_0x561532b45490, 2, 30;
S_0x561532b320e0 .scope module, "imem" "inst_mem" 3 7, 6 1 0, S_0x561532b0f050;
 .timescale 0 0;
    .port_info 0 /INPUT 6 "address";
    .port_info 1 /OUTPUT 32 "rd";
L_0x561532b33650 .functor BUFZ 32, L_0x561532b33470, C4<00000000000000000000000000000000>, C4<00000000000000000000000000000000>, C4<00000000000000000000000000000000>;
v0x561532b32300 .array "RAM", 0 63, 31 0;
v0x561532b323e0_0 .net *"_ivl_0", 31 0, L_0x561532b33470;  1 drivers
v0x561532b324c0_0 .net *"_ivl_2", 7 0, L_0x561532b33510;  1 drivers
L_0x7fac40671018 .functor BUFT 1, C4<00>, C4<0>, C4<0>, C4<0>;
v0x561532b32580_0 .net *"_ivl_5", 1 0, L_0x7fac40671018;  1 drivers
v0x561532b32660_0 .net "address", 5 0, L_0x561532b33750;  1 drivers
v0x561532b32790_0 .net "rd", 31 0, L_0x561532b33650;  alias, 1 drivers
L_0x561532b33470 .array/port v0x561532b32300, L_0x561532b33510;
L_0x561532b33510 .concat [ 6 2 0 0], L_0x561532b33750, L_0x7fac40671018;
    .scope S_0x561532b320e0;
T_0 ;
    %vpi_call 6 7 "$readmemh", "primeHexa.hex", v0x561532b32300, 32'sb00000000000000000000000000000000, 32'sb00000000000000000000000000011001 {0 0 0};
    %end;
    .thread T_0;
    .scope S_0x561532b31820;
T_1 ;
    %vpi_call 5 9 "$readmemh", "data.hex", v0x561532b31a20, 32'sb00000000000000000000000000000000, 32'sb00000000000000000000000000001010 {0 0 0};
    %end;
    .thread T_1;
    .scope S_0x561532b31820;
T_2 ;
    %wait E_0x561532abbcd0;
    %load/vec4 v0x561532b31fe0_0;
    %flag_set/vec4 8;
    %jmp/0xz  T_2.0, 8;
    %load/vec4 v0x561532b31f20_0;
    %load/vec4 v0x561532b31c80_0;
    %parti/s 30, 2, 3;
    %ix/vec4 3;
    %ix/load 4, 0, 0; Constant delay
    %assign/vec4/a/d v0x561532b31a20, 0, 4;
T_2.0 ;
    %jmp T_2;
    .thread T_2;
    .scope S_0x561532b29eb0;
T_3 ;
    %wait E_0x561532abbcd0;
    %load/vec4 v0x561532b2a390_0;
    %flag_set/vec4 8;
    %jmp/0 T_3.0, 8;
    %pushi/vec4 0, 0, 32;
    %jmp/1 T_3.1, 8;
T_3.0 ; End of true expr.
    %load/vec4 v0x561532b2a210_0;
    %jmp/0 T_3.1, 8;
 ; End of false expr.
    %blend;
T_3.1;
    %store/vec4 v0x561532b2a0e0_0, 0, 32;
    %jmp T_3;
    .thread T_3;
    .scope S_0x561532b2a500;
T_4 ;
    %wait E_0x561532a9d0a0;
    %load/vec4 v0x561532b2aec0_0;
    %parti/s 7, 0, 2;
    %load/vec4 v0x561532b2aec0_0;
    %parti/s 3, 12, 5;
    %concat/vec4; draw_concat_vec4
    %load/vec4 v0x561532b2aec0_0;
    %parti/s 7, 25, 6;
    %concat/vec4; draw_concat_vec4
    %dup/vec4;
    %pushi/vec4 52224, 0, 17;
    %cmp/z;
    %jmp/1 T_4.0, 4;
    %dup/vec4;
    %pushi/vec4 19456, 127, 17;
    %cmp/z;
    %jmp/1 T_4.1, 4;
    %dup/vec4;
    %pushi/vec4 53120, 0, 17;
    %cmp/z;
    %jmp/1 T_4.2, 4;
    %dup/vec4;
    %pushi/vec4 52256, 0, 17;
    %cmp/z;
    %jmp/1 T_4.3, 4;
    %dup/vec4;
    %pushi/vec4 52480, 0, 17;
    %cmp/z;
    %jmp/1 T_4.4, 4;
    %dup/vec4;
    %pushi/vec4 52737, 0, 17;
    %cmp/z;
    %jmp/1 T_4.5, 4;
    %dup/vec4;
    %pushi/vec4 52993, 0, 17;
    %cmp/z;
    %jmp/1 T_4.6, 4;
    %dup/vec4;
    %pushi/vec4 101376, 127, 17;
    %cmp/z;
    %jmp/1 T_4.7, 4;
    %dup/vec4;
    %pushi/vec4 101888, 127, 17;
    %cmp/z;
    %jmp/1 T_4.8, 4;
    %dup/vec4;
    %pushi/vec4 3328, 127, 17;
    %cmp/z;
    %jmp/1 T_4.9, 4;
    %dup/vec4;
    %pushi/vec4 36096, 127, 17;
    %cmp/z;
    %jmp/1 T_4.10, 4;
    %dup/vec4;
    %pushi/vec4 56320, 1023, 17;
    %cmp/z;
    %jmp/1 T_4.11, 4;
    %dup/vec4;
    %pushi/vec4 113664, 1023, 17;
    %cmp/z;
    %jmp/1 T_4.12, 4;
    %dup/vec4;
    %pushi/vec4 105472, 127, 17;
    %cmp/z;
    %jmp/1 T_4.13, 4;
    %dup/vec4;
    %pushi/vec4 23552, 1023, 17;
    %cmp/z;
    %jmp/1 T_4.14, 4;
    %dup/vec4;
    %pushi/vec4 52352, 0, 17;
    %cmp/z;
    %jmp/1 T_4.15, 4;
    %dup/vec4;
    %pushi/vec4 52864, 0, 17;
    %cmp/z;
    %jmp/1 T_4.16, 4;
    %dup/vec4;
    %pushi/vec4 52896, 0, 17;
    %cmp/z;
    %jmp/1 T_4.17, 4;
    %pushi/vec4 0, 0, 1;
    %store/vec4 v0x561532b2a8a0_0, 0, 1;
    %pushi/vec4 0, 0, 1;
    %store/vec4 v0x561532b2a9a0_0, 0, 1;
    %pushi/vec4 0, 0, 1;
    %store/vec4 v0x561532b2aa40_0, 0, 1;
    %pushi/vec4 0, 0, 1;
    %store/vec4 v0x561532b2ab30_0, 0, 1;
    %pushi/vec4 0, 0, 1;
    %store/vec4 v0x561532b2ad40_0, 0, 1;
    %pushi/vec4 0, 0, 1;
    %store/vec4 v0x561532b2ac00_0, 0, 1;
    %pushi/vec4 0, 0, 1;
    %store/vec4 v0x561532b2aca0_0, 0, 1;
    %pushi/vec4 0, 0, 4;
    %store/vec4 v0x561532b2a720_0, 0, 4;
    %pushi/vec4 0, 0, 1;
    %store/vec4 v0x561532b2a800_0, 0, 1;
    %pushi/vec4 0, 0, 3;
    %store/vec4 v0x561532b2ade0_0, 0, 3;
    %jmp T_4.19;
T_4.0 ;
    %pushi/vec4 0, 0, 1;
    %store/vec4 v0x561532b2a8a0_0, 0, 1;
    %pushi/vec4 0, 0, 1;
    %store/vec4 v0x561532b2a9a0_0, 0, 1;
    %pushi/vec4 0, 0, 1;
    %store/vec4 v0x561532b2aa40_0, 0, 1;
    %pushi/vec4 0, 0, 1;
    %store/vec4 v0x561532b2ab30_0, 0, 1;
    %pushi/vec4 0, 0, 1;
    %store/vec4 v0x561532b2ac00_0, 0, 1;
    %pushi/vec4 0, 0, 1;
    %store/vec4 v0x561532b2aca0_0, 0, 1;
    %pushi/vec4 0, 0, 4;
    %store/vec4 v0x561532b2a720_0, 0, 4;
    %pushi/vec4 0, 0, 1;
    %store/vec4 v0x561532b2a800_0, 0, 1;
    %pushi/vec4 0, 0, 3;
    %store/vec4 v0x561532b2ade0_0, 0, 3;
    %pushi/vec4 1, 0, 1;
    %store/vec4 v0x561532b2ad40_0, 0, 1;
    %jmp T_4.19;
T_4.1 ;
    %pushi/vec4 0, 0, 1;
    %store/vec4 v0x561532b2a8a0_0, 0, 1;
    %pushi/vec4 0, 0, 1;
    %store/vec4 v0x561532b2a9a0_0, 0, 1;
    %pushi/vec4 0, 0, 1;
    %store/vec4 v0x561532b2aa40_0, 0, 1;
    %pushi/vec4 0, 0, 1;
    %store/vec4 v0x561532b2ab30_0, 0, 1;
    %pushi/vec4 0, 0, 1;
    %store/vec4 v0x561532b2ac00_0, 0, 1;
    %pushi/vec4 0, 0, 1;
    %store/vec4 v0x561532b2aca0_0, 0, 1;
    %pushi/vec4 1, 0, 1;
    %store/vec4 v0x561532b2ad40_0, 0, 1;
    %pushi/vec4 0, 0, 4;
    %store/vec4 v0x561532b2a720_0, 0, 4;
    %pushi/vec4 1, 0, 1;
    %store/vec4 v0x561532b2a800_0, 0, 1;
    %pushi/vec4 0, 0, 3;
    %store/vec4 v0x561532b2ade0_0, 0, 3;
    %jmp T_4.19;
T_4.2 ;
    %pushi/vec4 0, 0, 1;
    %store/vec4 v0x561532b2a8a0_0, 0, 1;
    %pushi/vec4 0, 0, 1;
    %store/vec4 v0x561532b2a9a0_0, 0, 1;
    %pushi/vec4 0, 0, 1;
    %store/vec4 v0x561532b2aa40_0, 0, 1;
    %pushi/vec4 0, 0, 1;
    %store/vec4 v0x561532b2ab30_0, 0, 1;
    %pushi/vec4 0, 0, 1;
    %store/vec4 v0x561532b2ac00_0, 0, 1;
    %pushi/vec4 0, 0, 1;
    %store/vec4 v0x561532b2aca0_0, 0, 1;
    %pushi/vec4 7, 0, 4;
    %store/vec4 v0x561532b2a720_0, 0, 4;
    %pushi/vec4 0, 0, 1;
    %store/vec4 v0x561532b2a800_0, 0, 1;
    %pushi/vec4 0, 0, 3;
    %store/vec4 v0x561532b2ade0_0, 0, 3;
    %pushi/vec4 1, 0, 1;
    %store/vec4 v0x561532b2ad40_0, 0, 1;
    %jmp T_4.19;
T_4.3 ;
    %pushi/vec4 0, 0, 1;
    %store/vec4 v0x561532b2a8a0_0, 0, 1;
    %pushi/vec4 0, 0, 1;
    %store/vec4 v0x561532b2a9a0_0, 0, 1;
    %pushi/vec4 0, 0, 1;
    %store/vec4 v0x561532b2aa40_0, 0, 1;
    %pushi/vec4 0, 0, 1;
    %store/vec4 v0x561532b2ab30_0, 0, 1;
    %pushi/vec4 0, 0, 1;
    %store/vec4 v0x561532b2ac00_0, 0, 1;
    %pushi/vec4 0, 0, 1;
    %store/vec4 v0x561532b2aca0_0, 0, 1;
    %pushi/vec4 3, 0, 4;
    %store/vec4 v0x561532b2a720_0, 0, 4;
    %pushi/vec4 0, 0, 1;
    %store/vec4 v0x561532b2a800_0, 0, 1;
    %pushi/vec4 0, 0, 3;
    %store/vec4 v0x561532b2ade0_0, 0, 3;
    %pushi/vec4 1, 0, 1;
    %store/vec4 v0x561532b2ad40_0, 0, 1;
    %jmp T_4.19;
T_4.4 ;
    %pushi/vec4 0, 0, 1;
    %store/vec4 v0x561532b2a8a0_0, 0, 1;
    %pushi/vec4 0, 0, 1;
    %store/vec4 v0x561532b2a9a0_0, 0, 1;
    %pushi/vec4 0, 0, 1;
    %store/vec4 v0x561532b2aa40_0, 0, 1;
    %pushi/vec4 0, 0, 1;
    %store/vec4 v0x561532b2ab30_0, 0, 1;
    %pushi/vec4 0, 0, 1;
    %store/vec4 v0x561532b2ac00_0, 0, 1;
    %pushi/vec4 0, 0, 1;
    %store/vec4 v0x561532b2aca0_0, 0, 1;
    %pushi/vec4 2, 0, 4;
    %store/vec4 v0x561532b2a720_0, 0, 4;
    %pushi/vec4 0, 0, 1;
    %store/vec4 v0x561532b2a800_0, 0, 1;
    %pushi/vec4 0, 0, 3;
    %store/vec4 v0x561532b2ade0_0, 0, 3;
    %pushi/vec4 1, 0, 1;
    %store/vec4 v0x561532b2ad40_0, 0, 1;
    %jmp T_4.19;
T_4.5 ;
    %pushi/vec4 0, 0, 1;
    %store/vec4 v0x561532b2a8a0_0, 0, 1;
    %pushi/vec4 0, 0, 1;
    %store/vec4 v0x561532b2a9a0_0, 0, 1;
    %pushi/vec4 0, 0, 1;
    %store/vec4 v0x561532b2aa40_0, 0, 1;
    %pushi/vec4 0, 0, 1;
    %store/vec4 v0x561532b2ab30_0, 0, 1;
    %pushi/vec4 0, 0, 1;
    %store/vec4 v0x561532b2ac00_0, 0, 1;
    %pushi/vec4 0, 0, 1;
    %store/vec4 v0x561532b2aca0_0, 0, 1;
    %pushi/vec4 4, 0, 4;
    %store/vec4 v0x561532b2a720_0, 0, 4;
    %pushi/vec4 0, 0, 1;
    %store/vec4 v0x561532b2a800_0, 0, 1;
    %pushi/vec4 0, 0, 3;
    %store/vec4 v0x561532b2ade0_0, 0, 3;
    %pushi/vec4 1, 0, 1;
    %store/vec4 v0x561532b2ad40_0, 0, 1;
    %jmp T_4.19;
T_4.6 ;
    %pushi/vec4 0, 0, 1;
    %store/vec4 v0x561532b2a8a0_0, 0, 1;
    %pushi/vec4 0, 0, 1;
    %store/vec4 v0x561532b2a9a0_0, 0, 1;
    %pushi/vec4 0, 0, 1;
    %store/vec4 v0x561532b2aa40_0, 0, 1;
    %pushi/vec4 0, 0, 1;
    %store/vec4 v0x561532b2ab30_0, 0, 1;
    %pushi/vec4 0, 0, 1;
    %store/vec4 v0x561532b2ac00_0, 0, 1;
    %pushi/vec4 0, 0, 1;
    %store/vec4 v0x561532b2aca0_0, 0, 1;
    %pushi/vec4 6, 0, 4;
    %store/vec4 v0x561532b2a720_0, 0, 4;
    %pushi/vec4 0, 0, 1;
    %store/vec4 v0x561532b2a800_0, 0, 1;
    %pushi/vec4 0, 0, 3;
    %store/vec4 v0x561532b2ade0_0, 0, 3;
    %pushi/vec4 1, 0, 1;
    %store/vec4 v0x561532b2ad40_0, 0, 1;
    %jmp T_4.19;
T_4.7 ;
    %pushi/vec4 0, 0, 1;
    %store/vec4 v0x561532b2aa40_0, 0, 1;
    %pushi/vec4 0, 0, 1;
    %store/vec4 v0x561532b2a9a0_0, 0, 1;
    %pushi/vec4 0, 0, 1;
    %store/vec4 v0x561532b2ab30_0, 0, 1;
    %pushi/vec4 0, 0, 1;
    %store/vec4 v0x561532b2ad40_0, 0, 1;
    %pushi/vec4 0, 0, 1;
    %store/vec4 v0x561532b2ac00_0, 0, 1;
    %pushi/vec4 0, 0, 1;
    %store/vec4 v0x561532b2aca0_0, 0, 1;
    %pushi/vec4 3, 0, 4;
    %store/vec4 v0x561532b2a720_0, 0, 4;
    %pushi/vec4 0, 0, 1;
    %store/vec4 v0x561532b2a800_0, 0, 1;
    %pushi/vec4 1, 0, 1;
    %store/vec4 v0x561532b2a8a0_0, 0, 1;
    %pushi/vec4 2, 0, 3;
    %store/vec4 v0x561532b2ade0_0, 0, 3;
    %jmp T_4.19;
T_4.8 ;
    %pushi/vec4 0, 0, 1;
    %store/vec4 v0x561532b2aa40_0, 0, 1;
    %pushi/vec4 0, 0, 1;
    %store/vec4 v0x561532b2ab30_0, 0, 1;
    %pushi/vec4 0, 0, 1;
    %store/vec4 v0x561532b2ad40_0, 0, 1;
    %pushi/vec4 0, 0, 1;
    %store/vec4 v0x561532b2ac00_0, 0, 1;
    %pushi/vec4 0, 0, 1;
    %store/vec4 v0x561532b2aca0_0, 0, 1;
    %pushi/vec4 2, 0, 4;
    %store/vec4 v0x561532b2a720_0, 0, 4;
    %pushi/vec4 0, 0, 1;
    %store/vec4 v0x561532b2a800_0, 0, 1;
    %pushi/vec4 1, 0, 1;
    %store/vec4 v0x561532b2a8a0_0, 0, 1;
    %pushi/vec4 1, 0, 1;
    %store/vec4 v0x561532b2a9a0_0, 0, 1;
    %pushi/vec4 2, 0, 3;
    %store/vec4 v0x561532b2ade0_0, 0, 3;
    %jmp T_4.19;
T_4.9 ;
    %pushi/vec4 0, 0, 1;
    %store/vec4 v0x561532b2a8a0_0, 0, 1;
    %pushi/vec4 0, 0, 1;
    %store/vec4 v0x561532b2a9a0_0, 0, 1;
    %pushi/vec4 0, 0, 1;
    %store/vec4 v0x561532b2aa40_0, 0, 1;
    %pushi/vec4 0, 0, 1;
    %store/vec4 v0x561532b2ab30_0, 0, 1;
    %pushi/vec4 0, 0, 1;
    %store/vec4 v0x561532b2aca0_0, 0, 1;
    %pushi/vec4 0, 0, 4;
    %store/vec4 v0x561532b2a720_0, 0, 4;
    %pushi/vec4 1, 0, 1;
    %store/vec4 v0x561532b2ad40_0, 0, 1;
    %pushi/vec4 1, 0, 1;
    %store/vec4 v0x561532b2ac00_0, 0, 1;
    %pushi/vec4 1, 0, 1;
    %store/vec4 v0x561532b2a800_0, 0, 1;
    %pushi/vec4 0, 0, 3;
    %store/vec4 v0x561532b2ade0_0, 0, 3;
    %jmp T_4.19;
T_4.10 ;
    %pushi/vec4 0, 0, 1;
    %store/vec4 v0x561532b2a8a0_0, 0, 1;
    %pushi/vec4 0, 0, 1;
    %store/vec4 v0x561532b2a9a0_0, 0, 1;
    %pushi/vec4 0, 0, 1;
    %store/vec4 v0x561532b2aa40_0, 0, 1;
    %pushi/vec4 0, 0, 1;
    %store/vec4 v0x561532b2ab30_0, 0, 1;
    %pushi/vec4 0, 0, 1;
    %store/vec4 v0x561532b2ad40_0, 0, 1;
    %pushi/vec4 1, 0, 1;
    %store/vec4 v0x561532b2ac00_0, 0, 1;
    %pushi/vec4 0, 0, 4;
    %store/vec4 v0x561532b2a720_0, 0, 4;
    %pushi/vec4 1, 0, 1;
    %store/vec4 v0x561532b2aca0_0, 0, 1;
    %pushi/vec4 1, 0, 1;
    %store/vec4 v0x561532b2a800_0, 0, 1;
    %pushi/vec4 1, 0, 3;
    %store/vec4 v0x561532b2ade0_0, 0, 3;
    %jmp T_4.19;
T_4.11 ;
    %pushi/vec4 0, 0, 1;
    %store/vec4 v0x561532b2a8a0_0, 0, 1;
    %pushi/vec4 0, 0, 1;
    %store/vec4 v0x561532b2a9a0_0, 0, 1;
    %pushi/vec4 0, 0, 1;
    %store/vec4 v0x561532b2aa40_0, 0, 1;
    %pushi/vec4 0, 0, 1;
    %store/vec4 v0x561532b2ab30_0, 0, 1;
    %pushi/vec4 0, 0, 1;
    %store/vec4 v0x561532b2ac00_0, 0, 1;
    %pushi/vec4 0, 0, 1;
    %store/vec4 v0x561532b2aca0_0, 0, 1;
    %pushi/vec4 1, 0, 1;
    %store/vec4 v0x561532b2a800_0, 0, 1;
    %pushi/vec4 1, 0, 1;
    %store/vec4 v0x561532b2ad40_0, 0, 1;
    %pushi/vec4 8, 0, 4;
    %store/vec4 v0x561532b2a720_0, 0, 4;
    %pushi/vec4 3, 0, 3;
    %store/vec4 v0x561532b2ade0_0, 0, 3;
    %jmp T_4.19;
T_4.12 ;
    %pushi/vec4 0, 0, 1;
    %store/vec4 v0x561532b2a8a0_0, 0, 1;
    %pushi/vec4 0, 0, 1;
    %store/vec4 v0x561532b2a9a0_0, 0, 1;
    %pushi/vec4 0, 0, 1;
    %store/vec4 v0x561532b2ab30_0, 0, 1;
    %pushi/vec4 0, 0, 1;
    %store/vec4 v0x561532b2ac00_0, 0, 1;
    %pushi/vec4 0, 0, 1;
    %store/vec4 v0x561532b2aca0_0, 0, 1;
    %pushi/vec4 0, 0, 4;
    %store/vec4 v0x561532b2a720_0, 0, 4;
    %pushi/vec4 0, 0, 1;
    %store/vec4 v0x561532b2a800_0, 0, 1;
    %pushi/vec4 1, 0, 1;
    %store/vec4 v0x561532b2aa40_0, 0, 1;
    %pushi/vec4 1, 0, 1;
    %store/vec4 v0x561532b2ad40_0, 0, 1;
    %pushi/vec4 4, 0, 3;
    %store/vec4 v0x561532b2ade0_0, 0, 3;
    %jmp T_4.19;
T_4.13 ;
    %pushi/vec4 1, 0, 1;
    %store/vec4 v0x561532b2ab30_0, 0, 1;
    %pushi/vec4 1, 0, 1;
    %store/vec4 v0x561532b2ad40_0, 0, 1;
    %pushi/vec4 1, 0, 1;
    %store/vec4 v0x561532b2a800_0, 0, 1;
    %pushi/vec4 0, 0, 1;
    %store/vec4 v0x561532b2a8a0_0, 0, 1;
    %pushi/vec4 0, 0, 1;
    %store/vec4 v0x561532b2a9a0_0, 0, 1;
    %pushi/vec4 0, 0, 1;
    %store/vec4 v0x561532b2aa40_0, 0, 1;
    %pushi/vec4 0, 0, 1;
    %store/vec4 v0x561532b2ac00_0, 0, 1;
    %pushi/vec4 0, 0, 1;
    %store/vec4 v0x561532b2aca0_0, 0, 1;
    %pushi/vec4 0, 0, 4;
    %store/vec4 v0x561532b2a720_0, 0, 4;
    %pushi/vec4 0, 0, 3;
    %store/vec4 v0x561532b2ade0_0, 0, 3;
    %jmp T_4.19;
T_4.14 ;
    %jmp T_4.19;
T_4.15 ;
    %jmp T_4.19;
T_4.16 ;
    %jmp T_4.19;
T_4.17 ;
    %jmp T_4.19;
T_4.19 ;
    %pop/vec4 1;
    %jmp T_4;
    .thread T_4, $push;
    .scope S_0x561532b2e7d0;
T_5 ;
    %wait E_0x561532b0fcf0;
    %load/vec4 v0x561532b2edc0_0;
    %cmpi/ne 0, 0, 5;
    %flag_mov 8, 4;
    %jmp/0 T_5.0, 8;
    %load/vec4 v0x561532b2edc0_0;
    %pad/u 7;
    %ix/vec4 4;
    %load/vec4a v0x561532b2f120, 4;
    %jmp/1 T_5.1, 8;
T_5.0 ; End of true expr.
    %pushi/vec4 0, 0, 32;
    %jmp/0 T_5.1, 8;
 ; End of false expr.
    %blend;
T_5.1;
    %store/vec4 v0x561532b2f5c0_0, 0, 32;
    %load/vec4 v0x561532b2ee90_0;
    %cmpi/ne 0, 0, 5;
    %flag_mov 8, 4;
    %jmp/0 T_5.2, 8;
    %load/vec4 v0x561532b2ee90_0;
    %pad/u 7;
    %ix/vec4 4;
    %load/vec4a v0x561532b2f120, 4;
    %jmp/1 T_5.3, 8;
T_5.2 ; End of true expr.
    %pushi/vec4 0, 0, 32;
    %jmp/0 T_5.3, 8;
 ; End of false expr.
    %blend;
T_5.3;
    %store/vec4 v0x561532b2f6b0_0, 0, 32;
    %jmp T_5;
    .thread T_5, $push;
    .scope S_0x561532b2e7d0;
T_6 ;
    %wait E_0x561532abbcd0;
    %load/vec4 v0x561532b2ecf0_0;
    %flag_set/vec4 8;
    %jmp/0xz  T_6.0, 8;
    %load/vec4 v0x561532b2ec10_0;
    %load/vec4 v0x561532b2ef50_0;
    %pad/u 7;
    %ix/vec4 4;
    %store/vec4a v0x561532b2f120, 4, 0;
T_6.0 ;
    %jmp T_6;
    .thread T_6;
    .scope S_0x561532b2b160;
T_7 ;
    %wait E_0x561532b0fd30;
    %load/vec4 v0x561532b2b350_0;
    %dup/vec4;
    %pushi/vec4 0, 0, 3;
    %cmp/u;
    %jmp/1 T_7.0, 6;
    %dup/vec4;
    %pushi/vec4 1, 0, 3;
    %cmp/u;
    %jmp/1 T_7.1, 6;
    %dup/vec4;
    %pushi/vec4 2, 0, 3;
    %cmp/u;
    %jmp/1 T_7.2, 6;
    %dup/vec4;
    %pushi/vec4 3, 0, 3;
    %cmp/u;
    %jmp/1 T_7.3, 6;
    %dup/vec4;
    %pushi/vec4 4, 0, 3;
    %cmp/u;
    %jmp/1 T_7.4, 6;
    %pushi/vec4 0, 0, 32;
    %store/vec4 v0x561532b2b460_0, 0, 32;
    %jmp T_7.6;
T_7.0 ;
    %load/vec4 v0x561532b2b530_0;
    %parti/s 1, 24, 6;
    %replicate 21;
    %load/vec4 v0x561532b2b530_0;
    %parti/s 11, 13, 5;
    %concat/vec4; draw_concat_vec4
    %store/vec4 v0x561532b2b460_0, 0, 32;
    %jmp T_7.6;
T_7.1 ;
    %load/vec4 v0x561532b2b530_0;
    %parti/s 1, 24, 6;
    %replicate 21;
    %load/vec4 v0x561532b2b530_0;
    %parti/s 6, 18, 6;
    %concat/vec4; draw_concat_vec4
    %load/vec4 v0x561532b2b530_0;
    %parti/s 5, 0, 2;
    %concat/vec4; draw_concat_vec4
    %store/vec4 v0x561532b2b460_0, 0, 32;
    %jmp T_7.6;
T_7.2 ;
    %load/vec4 v0x561532b2b530_0;
    %parti/s 1, 24, 6;
    %replicate 20;
    %load/vec4 v0x561532b2b530_0;
    %parti/s 1, 0, 2;
    %concat/vec4; draw_concat_vec4
    %load/vec4 v0x561532b2b530_0;
    %parti/s 6, 18, 6;
    %concat/vec4; draw_concat_vec4
    %load/vec4 v0x561532b2b530_0;
    %parti/s 4, 1, 2;
    %concat/vec4; draw_concat_vec4
    %concati/vec4 0, 0, 1;
    %store/vec4 v0x561532b2b460_0, 0, 32;
    %jmp T_7.6;
T_7.3 ;
    %load/vec4 v0x561532b2b530_0;
    %parti/s 20, 5, 4;
    %concati/vec4 0, 0, 12;
    %store/vec4 v0x561532b2b460_0, 0, 32;
    %jmp T_7.6;
T_7.4 ;
    %load/vec4 v0x561532b2b530_0;
    %parti/s 1, 24, 6;
    %replicate 12;
    %load/vec4 v0x561532b2b530_0;
    %parti/s 8, 5, 4;
    %concat/vec4; draw_concat_vec4
    %load/vec4 v0x561532b2b530_0;
    %parti/s 1, 13, 5;
    %concat/vec4; draw_concat_vec4
    %load/vec4 v0x561532b2b530_0;
    %parti/s 10, 14, 5;
    %concat/vec4; draw_concat_vec4
    %concati/vec4 0, 0, 1;
    %store/vec4 v0x561532b2b460_0, 0, 32;
    %jmp T_7.6;
T_7.6 ;
    %pop/vec4 1;
    %jmp T_7;
    .thread T_7, $push;
    .scope S_0x561532b287e0;
T_8 ;
    %wait E_0x561532abb860;
    %load/vec4 v0x561532b28a30_0;
    %dup/vec4;
    %pushi/vec4 0, 0, 4;
    %cmp/u;
    %jmp/1 T_8.0, 6;
    %dup/vec4;
    %pushi/vec4 2, 0, 4;
    %cmp/u;
    %jmp/1 T_8.1, 6;
    %dup/vec4;
    %pushi/vec4 3, 0, 4;
    %cmp/u;
    %jmp/1 T_8.2, 6;
    %dup/vec4;
    %pushi/vec4 4, 0, 4;
    %cmp/u;
    %jmp/1 T_8.3, 6;
    %dup/vec4;
    %pushi/vec4 6, 0, 4;
    %cmp/u;
    %jmp/1 T_8.4, 6;
    %dup/vec4;
    %pushi/vec4 7, 0, 4;
    %cmp/u;
    %jmp/1 T_8.5, 6;
    %dup/vec4;
    %pushi/vec4 8, 0, 4;
    %cmp/u;
    %jmp/1 T_8.6, 6;
    %pushi/vec4 0, 0, 32;
    %store/vec4 v0x561532b28b10_0, 0, 32;
    %jmp T_8.8;
T_8.0 ;
    %load/vec4 v0x561532b28da0_0;
    %load/vec4 v0x561532b28bf0_0;
    %add;
    %store/vec4 v0x561532b28b10_0, 0, 32;
    %jmp T_8.8;
T_8.1 ;
    %load/vec4 v0x561532b28da0_0;
    %load/vec4 v0x561532b28bf0_0;
    %cmp/s;
    %flag_get/vec4 5;
    %pad/u 32;
    %store/vec4 v0x561532b28b10_0, 0, 32;
    %jmp T_8.8;
T_8.2 ;
    %load/vec4 v0x561532b28da0_0;
    %load/vec4 v0x561532b28bf0_0;
    %sub;
    %store/vec4 v0x561532b28b10_0, 0, 32;
    %jmp T_8.8;
T_8.3 ;
    %load/vec4 v0x561532b28da0_0;
    %load/vec4 v0x561532b28bf0_0;
    %div;
    %store/vec4 v0x561532b28b10_0, 0, 32;
    %jmp T_8.8;
T_8.4 ;
    %load/vec4 v0x561532b28da0_0;
    %load/vec4 v0x561532b28bf0_0;
    %mod;
    %store/vec4 v0x561532b28b10_0, 0, 32;
    %jmp T_8.8;
T_8.5 ;
    %load/vec4 v0x561532b28da0_0;
    %load/vec4 v0x561532b28bf0_0;
    %and;
    %store/vec4 v0x561532b28b10_0, 0, 32;
    %jmp T_8.8;
T_8.6 ;
    %load/vec4 v0x561532b28bf0_0;
    %store/vec4 v0x561532b28b10_0, 0, 32;
    %jmp T_8.8;
T_8.8 ;
    %pop/vec4 1;
    %jmp T_8;
    .thread T_8, $push;
    .scope S_0x561532b287e0;
T_9 ;
    %wait E_0x561532abb3b0;
    %load/vec4 v0x561532b28b10_0;
    %cmpi/e 0, 0, 32;
    %jmp/0xz  T_9.0, 4;
    %pushi/vec4 1, 0, 1;
    %store/vec4 v0x561532b28ce0_0, 0, 1;
    %jmp T_9.1;
T_9.0 ;
    %pushi/vec4 0, 0, 1;
    %store/vec4 v0x561532b28ce0_0, 0, 1;
T_9.1 ;
    %jmp T_9;
    .thread T_9, $push;
    .scope S_0x561532af2510;
T_10 ;
    %vpi_call 2 10 "$dumpfile", "test" {0 0 0};
    %vpi_call 2 11 "$dumpvars" {0 0 0};
    %pushi/vec4 1, 0, 1;
    %assign/vec4 v0x561532b332e0_0, 0;
    %delay 2, 0;
    %pushi/vec4 0, 0, 1;
    %assign/vec4 v0x561532b332e0_0, 0;
    %delay 500, 0;
    %vpi_call 2 14 "$writememh", "memfile_data_after_simulation.hex", v0x561532b31a20, 32'sb00000000000000000000000000000000, 32'sb00000000000000000000000000111111 {0 0 0};
    %vpi_call 2 15 "$finish" {0 0 0};
    %end;
    .thread T_10;
    .scope S_0x561532af2510;
T_11 ;
    %pushi/vec4 1, 0, 1;
    %assign/vec4 v0x561532b33180_0, 0;
    %delay 1, 0;
    %pushi/vec4 0, 0, 1;
    %assign/vec4 v0x561532b33180_0, 0;
    %delay 1, 0;
    %jmp T_11;
    .thread T_11;
# The file index is used to find the file name in the following table.
:file_names 7;
    "N/A";
    "<interactive>";
    "processor_tb.v";
    "top.v";
    "processor.v";
    "dataMemory.v";
    "intrMemory.v";
